<?xml version="1.0" encoding="UTF-8"?>
<testng-results ignored="0" total="1" passed="1" failed="0" skipped="0">
  <reporter-output>
    <line>
      <![CDATA[Clicked On Hyderabad Location]]>
    </line>
  </reporter-output>
  <suite started-at="2023-05-08T01:29:43 IST" name="Default suite" finished-at="2023-05-08T01:29:55 IST" duration-ms="12622">
    <groups>
    </groups>
    <test started-at="2023-05-08T01:29:43 IST" name="Default test" finished-at="2023-05-08T01:29:55 IST" duration-ms="12622">
      <class name="com.bookmyshow.test.BookMyShowNavigation">
        <test-method is-config="true" signature="beforeTest()[pri:0, instance:com.bookmyshow.test.BookMyShowNavigation@428640fa]" started-at="2023-05-08T01:29:43 IST" name="beforeTest" finished-at="2023-05-08T01:29:43 IST" duration-ms="228" status="PASS">
          <reporter-output>
          </reporter-output>
        </test-method> <!-- beforeTest -->
        <test-method is-config="true" signature="launchApplication()[pri:0, instance:com.bookmyshow.test.BookMyShowNavigation@428640fa]" started-at="2023-05-08T01:29:43 IST" name="launchApplication" finished-at="2023-05-08T01:29:54 IST" duration-ms="11435" status="PASS">
          <reporter-output>
          </reporter-output>
        </test-method> <!-- launchApplication -->
        <test-method signature="bookMyShowPageNavigation()[pri:0, instance:com.bookmyshow.test.BookMyShowNavigation@428640fa]" started-at="2023-05-08T01:29:54 IST" name="bookMyShowPageNavigation" finished-at="2023-05-08T01:29:54 IST" duration-ms="276" status="PASS">
          <reporter-output>
            <line>
              <![CDATA[Clicked On Hyderabad Location]]>
            </line>
          </reporter-output>
        </test-method> <!-- bookMyShowPageNavigation -->
        <test-method is-config="true" signature="tearDown(org.testng.ITestResult)[pri:0, instance:com.bookmyshow.test.BookMyShowNavigation@428640fa]" started-at="2023-05-08T01:29:54 IST" name="tearDown" finished-at="2023-05-08T01:29:55 IST" duration-ms="4" status="PASS">
          <params>
            <param index="0">
              <value>
                <![CDATA[[TestResult name=bookMyShowPageNavigation status=SUCCESS method=BookMyShowNavigation.bookMyShowPageNavigation()[pri:0, instance:com.bookmyshow.test.BookMyShowNavigation@428640fa] output=Clicked On Hyderabad Location]]]>
              </value>
            </param>
          </params>
          <reporter-output>
          </reporter-output>
        </test-method> <!-- tearDown -->
        <test-method is-config="true" signature="afterTest()[pri:0, instance:com.bookmyshow.test.BookMyShowNavigation@428640fa]" started-at="2023-05-08T01:29:55 IST" name="afterTest" finished-at="2023-05-08T01:29:55 IST" duration-ms="646" status="PASS">
          <reporter-output>
          </reporter-output>
        </test-method> <!-- afterTest -->
      </class> <!-- com.bookmyshow.test.BookMyShowNavigation -->
    </test> <!-- Default test -->
  </suite> <!-- Default suite -->
</testng-results>
